<?xml version="1.0" encoding="UTF-8"?>
<testng-results skipped="0" failed="0" ignored="0" total="1" passed="1">
  <reporter-output>
  </reporter-output>
  <suite name="Default suite" duration-ms="29706" started-at="2019-03-04T07:36:54Z" finished-at="2019-03-04T07:37:24Z">
    <groups>
    </groups>
    <test name="Default test" duration-ms="29706" started-at="2019-03-04T07:36:54Z" finished-at="2019-03-04T07:37:24Z">
      <class name="luong.vien.testCases.ExecuteTest">
        <test-method status="PASS" signature="testLogin()[pri:0, instance:luong.vien.testCases.ExecuteTest@68be2bc2]" name="testLogin" duration-ms="29691" started-at="2019-03-04T07:36:54Z" finished-at="2019-03-04T07:37:24Z">
          <reporter-output>
          </reporter-output>
        </test-method> <!-- testLogin -->
      </class> <!-- luong.vien.testCases.ExecuteTest -->
    </test> <!-- Default test -->
  </suite> <!-- Default suite -->
</testng-results>
